Operating system: Microsoft Windows NT 6.2.9200.0
Opening INI file "C:\Users\Alexj\Downloads\s2disasm-master s1\s2disasm-master\SonLVL INI Files\SonLVL.ini"...
Game type is S2.
Loading Metropolis Zone Act 1...
Loading palette file "../art/palettes/SonicAndTails.bin"...
Source: 0 Destination: 0 Length: 16
Loading 16x16 blocks from file "../mappings/16x16/MTZ.kos", using compression Kosinski...
Loading 128x128 chunks from file "../mappings/128x128/MTZ.kos", using compression Kosinski...
Loading 8x8 tiles from file "../art/kosinski/MTZ.kos", using compression Kosinski...
Loading palette file "../art/palettes/MTZ.bin"...
Source: 0 Destination: 16 Length: 48
Loading layout from file "../level/layout/MTZ_1.kos", using compression Kosinski...
Loading layout from file "../level/layout/MTZ_2.kos", using compression Kosinski...
Loading layout from file "../level/layout/MTZ_3.kos", using compression Kosinski...
Loading object definition file "obj.ini".
Loading object definition file "objMTZ.ini".
Loading ObjectDefinition type S2ObjectDefinitions.Common.PathSwapper from "Common\PathSwapper.cs"...
Loading type from cached assembly "dllcache\S2ObjectDefinitions.Common.PathSwapper.dll"...
Loading ObjectDefinition type S2ObjectDefinitions.Common.InvisibleBlock from "Common\InvisibleBlock.cs"...
Loading type from cached assembly "dllcache\S2ObjectDefinitions.Common.InvisibleBlock.dll"...
Object definition 36 failed to initialize!
System.ArgumentOutOfRangeException: Index was out of range. Must be non-negative and less than the size of the collection.
Parameter name: index
   at System.ThrowHelper.ThrowArgumentOutOfRangeException(ExceptionArgument argument, ExceptionResource resource)
   at SonicRetro.SonLVL.API.ObjectHelper.MapToBmp(Byte[] artfile, Byte[] mapfile, Int32 frame, Int32 startpal, Boolean priority, EngineVersion version) in C:\Programs\SonLVL\SonLVLAPI\ObjectHelper.cs:line 20
   at SonicRetro.SonLVL.API.ObjectHelper.MapASMToBmp(Byte[] artfile, String mapfileloc, Int32 frame, Int32 startpal, Boolean priority, EngineVersion version) in C:\Programs\SonLVL\SonLVLAPI\ObjectHelper.cs:line 29
   at SonicRetro.SonLVL.API.XMLObjectDefinition.Init(ObjectData data) in C:\Programs\SonLVL\SonLVLAPI\ObjectDefinition.cs:line 710
   at SonicRetro.SonLVL.API.LevelData.<>c__DisplayClass102_0.<InitObjectDefinitions>b__0(KeyValuePair`2 group) in C:\Programs\SonLVL\SonLVLAPI\LevelData.cs:line 1631
Loading start position "Level Start" from file "../startpos/MTZ_1.bin"...
Loading objects from file "../level/objects/MTZ_1.bin", using compression Uncompressed...
Loading rings from file "../level/rings/MTZ_1.bin", using compression Uncompressed...
Drawing block bitmaps...
Drawing chunk bitmaps...
Level loaded in 1.410338 second(s).
Load completed.
Opening INI file "C:\Users\Alexj\Downloads\s2disasm-master s1\s2disasm-master\SonLVL INI Files\SonLVL.ini"...
Game type is S2.
Loading Metropolis Zone Act 1...
Loading 16x16 blocks from file "../mappings/16x16/MTZ.kos", using compression Kosinski...
Loading palette file "../art/palettes/SonicAndTails.bin"...
Source: 0 Destination: 0 Length: 16
Loading 128x128 chunks from file "../mappings/128x128/MTZ.kos", using compression Kosinski...
Loading layout from file "../level/layout/sbz1.kos", using compression Kosinski...
Loading 8x8 tiles from file "../art/kosinski/MTZ.kos", using compression Kosinski...
Loading palette file "../art/palettes/MTZ.bin"...
Source: 0 Destination: 16 Length: 48
Loading layout from file "../level/layout/sbz2.kos", using compression Kosinski...
Loading object definition file "obj.ini".
Loading object definition file "objMTZ.ini".
Loading ObjectDefinition type S2ObjectDefinitions.Common.PathSwapper from "Common\PathSwapper.cs"...
Loading type from cached assembly "dllcache\S2ObjectDefinitions.Common.PathSwapper.dll"...
Loading ObjectDefinition type S2ObjectDefinitions.Common.InvisibleBlock from "Common\InvisibleBlock.cs"...
Loading type from cached assembly "dllcache\S2ObjectDefinitions.Common.InvisibleBlock.dll"...
Object definition 36 failed to initialize!
System.ArgumentOutOfRangeException: Index was out of range. Must be non-negative and less than the size of the collection.
Parameter name: index
   at System.ThrowHelper.ThrowArgumentOutOfRangeException(ExceptionArgument argument, ExceptionResource resource)
   at SonicRetro.SonLVL.API.ObjectHelper.MapToBmp(Byte[] artfile, Byte[] mapfile, Int32 frame, Int32 startpal, Boolean priority, EngineVersion version) in C:\Programs\SonLVL\SonLVLAPI\ObjectHelper.cs:line 20
   at SonicRetro.SonLVL.API.ObjectHelper.MapASMToBmp(Byte[] artfile, String mapfileloc, Int32 frame, Int32 startpal, Boolean priority, EngineVersion version) in C:\Programs\SonLVL\SonLVLAPI\ObjectHelper.cs:line 29
   at SonicRetro.SonLVL.API.XMLObjectDefinition.Init(ObjectData data) in C:\Programs\SonLVL\SonLVLAPI\ObjectDefinition.cs:line 710
   at SonicRetro.SonLVL.API.LevelData.<>c__DisplayClass102_0.<InitObjectDefinitions>b__0(KeyValuePair`2 group) in C:\Programs\SonLVL\SonLVLAPI\LevelData.cs:line 1631
Loading start position "Level Start" from file "../startpos/MTZ_1.bin"...
Loading rings from file "../level/rings/MTZ_1.bin", using compression Uncompressed...
Loading objects from file "../level/objects/MTZ_1.bin", using compression Uncompressed...
Drawing block bitmaps...
Drawing chunk bitmaps...
Level loaded in 1.0567762 second(s).
Load completed.
Opening INI file "C:\Users\Alexj\Downloads\s2disasm-master s1\s2disasm-master\SonLVL INI Files\SonLVL.ini"...
Game type is S2.
Loading Metropolis Zone Act 1...
Loading 16x16 blocks from file "../mappings/16x16/MTZ.kos", using compression Kosinski...
Loading palette file "../art/palettes/SonicAndTails.bin"...
Source: 0 Destination: 0 Length: 16
Loading 128x128 chunks from file "../mappings/128x128/MTZ.kos", using compression Kosinski...
Loading layout from file "../level/layout/sbz1.kos", using compression Kosinski...
Loading 8x8 tiles from file "../art/kosinski/MTZ.kos", using compression Kosinski...
Loading palette file "../art/palettes/Scrap Brain Zone.bin"...
Source: 0 Destination: 16 Length: 48
Loading layout from file "../level/layout/sbz2.kos", using compression Kosinski...
System.AggregateException: One or more errors occurred. ---> System.IO.FileNotFoundException: Palette file could not be loaded! Have you set up your disassembly properly?
   at SonicRetro.SonLVL.API.LevelData.LoadLevelPalette() in C:\Programs\SonLVL\SonLVLAPI\LevelData.cs:line 691
   at System.Threading.Tasks.Task.InnerInvoke()
   at System.Threading.Tasks.Task.Execute()
   --- End of inner exception stack trace ---
   at System.Threading.Tasks.Task.WaitAll(Task[] tasks, Int32 millisecondsTimeout, CancellationToken cancellationToken)
   at System.Threading.Tasks.Task.WaitAll(Task[] tasks, Int32 millisecondsTimeout)
   at System.Threading.Tasks.Parallel.Invoke(ParallelOptions parallelOptions, Action[] actions)
   at System.Threading.Tasks.Parallel.Invoke(Action[] actions)
   at SonicRetro.SonLVL.API.LevelData.LoadLevel(String levelname, Boolean loadGraphics) in C:\Programs\SonLVL\SonLVLAPI\LevelData.cs:line 184
   at SonicRetro.SonLVL.GUI.MainForm.backgroundLevelLoader_DoWork(Object sender, DoWorkEventArgs e) in C:\Programs\SonLVL\SonLVL\MainForm.cs:line 576
---> (Inner Exception #0) System.IO.FileNotFoundException: Palette file could not be loaded! Have you set up your disassembly properly?
File name: '../art/palettes/Scrap Brain Zone.bin'
   at SonicRetro.SonLVL.API.LevelData.LoadLevelPalette() in C:\Programs\SonLVL\SonLVLAPI\LevelData.cs:line 691
   at System.Threading.Tasks.Task.InnerInvoke()
   at System.Threading.Tasks.Task.Execute()<---

